app/build/outputs/logs/manifest-merger-debug-report.txt
-- Merging decision tree log ---
manifest
ADDED from src\main\AndroidManifest.xml:2:1-145:12
	package
		ADDED from src\main\AndroidManifest.xml:3:5-43
		INJECTED from src\main\AndroidManifest.xml
		INJECTED from src\main\AndroidManifest.xml
	android:versionName
		INJECTED from src\main\AndroidManifest.xml
		INJECTED from src\main\AndroidManifest.xml
	xmlns:android
		ADDED from src\main\AndroidManifest.xml:2:11-69
	android:versionCode
		INJECTED from src\main\AndroidManifest.xml
		INJECTED from src\main\AndroidManifest.xml
uses-permission#android.permission.INTERNET
ADDED from src\main\AndroidManifest.xml:5:5-67
MERGED from [com.firebaseui:firebase-ui:0.4.3] AndroidManifest.xml:11:5-67
MERGED from [com.firebaseui:firebase-ui-database:0.4.3] AndroidManifest.xml:11:5-67
MERGED from [com.google.android.gms:play-services-ads-lite:10.0.1] AndroidManifest.xml:19:5-66
MERGED from [com.google.android.gms:play-services-analytics:10.0.1] AndroidManifest.xml:20:5-66
MERGED from [com.google.android.gms:play-services-appinvite:10.0.1] AndroidManifest.xml:18:5-66
MERGED from [com.google.firebase:firebase-crash:10.0.1] AndroidManifest.xml:18:5-66
MERGED from [com.google.android.gms:play-services-gcm:10.0.1] AndroidManifest.xml:21:5-66
MERGED from [com.google.android.gms:play-services-iid:10.0.1] AndroidManifest.xml:21:5-66
MERGED from [com.google.android.gms:play-services-tagmanager-api:10.0.1] AndroidManifest.xml:20:5-66
MERGED from [com.google.firebase:firebase-analytics:10.0.1] AndroidManifest.xml:20:5-66
MERGED from [com.google.firebase:firebase-analytics-impl:10.0.1] AndroidManifest.xml:20:5-66
MERGED from [com.google.firebase:firebase-iid:10.0.1] AndroidManifest.xml:20:5-66
MERGED from [com.google.android.gms:play-services-analytics-impl:10.0.1] AndroidManifest.xml:20:5-66
MERGED from [com.google.android.gms:play-services-maps:10.0.1] AndroidManifest.xml:20:5-66
	android:name
		ADDED from src\main\AndroidManifest.xml:5:22-64
application
ADDED from src\main\AndroidManifest.xml:7:5-143:19
MERGED from [com.android.support.constraint:constraint-layout:1.0.0-alpha8] AndroidManifest.xml:9:5-20
MERGED from [com.google.firebase:firebase-core:10.0.1] AndroidManifest.xml:5:5-20
MERGED from [com.firebaseui:firebase-ui-auth:0.4.3] AndroidManifest.xml:11:5-69:19
MERGED from [com.facebook.android:facebook-android-sdk:4.11.0] AndroidManifest.xml:28:5-20
MERGED from [com.android.support:cardview-v7:23.2.1] AndroidManifest.xml:22:5-20
MERGED from [com.android.support:customtabs:23.2.1] AndroidManifest.xml:22:5-20
MERGED from [com.android.support:design:24.2.1] AndroidManifest.xml:22:5-20
MERGED from [com.google.android.gms:play-services:10.0.1] AndroidManifest.xml:5:5-20
MERGED from [com.google.android.gms:play-services-ads-lite:10.0.1] AndroidManifest.xml:23:5-27:19
MERGED from [com.google.android.gms:play-services-analytics:10.0.1] AndroidManifest.xml:26:5-19
MERGED from [com.google.android.gms:play-services-appinvite:10.0.1] AndroidManifest.xml:19:5-26:19
MERGED from [com.google.android.gms:play-services-auth:10.0.1] AndroidManifest.xml:19:5-25:19
MERGED from [com.google.android.gms:play-services-cast-framework:10.0.1] AndroidManifest.xml:4:5-8:19
MERGED from [com.google.android.gms:play-services-cast:10.0.1] AndroidManifest.xml:18:5-19
MERGED from [com.android.support:mediarouter-v7:24.0.0] AndroidManifest.xml:22:5-20
MERGED from [com.android.support:palette-v7:24.0.0] AndroidManifest.xml:22:5-23:19
MERGED from [com.android.support:appcompat-v7:25.3.1] AndroidManifest.xml:29:5-20
MERGED from [com.android.support:animated-vector-drawable:25.3.1] AndroidManifest.xml:26:5-20
MERGED from [com.android.support:support-vector-drawable:25.3.1] AndroidManifest.xml:26:5-20
MERGED from [com.google.android.gms:play-services-clearcut:10.0.1] AndroidManifest.xml:18:5-19
MERGED from [com.google.firebase:firebase-config:10.0.1] AndroidManifest.xml:18:5-19
MERGED from [com.google.android.gms:play-services-awareness:10.0.1] AndroidManifest.xml:18:5-19
MERGED from [com.google.firebase:firebase-crash:10.0.1] AndroidManifest.xml:22:5-23:19
MERGED from [com.google.firebase:firebase-auth:10.0.1] AndroidManifest.xml:19:5-20:19
MERGED from [com.google.firebase:firebase-messaging:10.0.1] AndroidManifest.xml:19:5-29:19
MERGED from [com.google.android.gms:play-services-fitness:10.0.1] AndroidManifest.xml:18:5-19
MERGED from [com.google.android.gms:play-services-games:10.0.1] AndroidManifest.xml:18:5-19
MERGED from [com.google.android.gms:play-services-drive:10.0.1] AndroidManifest.xml:18:5-19
MERGED from [com.google.android.gms:play-services-gass:10.0.1] AndroidManifest.xml:4:5-19
MERGED from [com.google.android.gms:play-services-gcm:10.0.1] AndroidManifest.xml:23:5-19
MERGED from [com.google.firebase:firebase-appindexing:10.0.1] AndroidManifest.xml:18:5-19
MERGED from [com.google.android.gms:play-services-iid:10.0.1] AndroidManifest.xml:23:5-19
MERGED from [com.google.android.gms:play-services-location:10.0.1] AndroidManifest.xml:4:5-19
MERGED from [com.google.android.gms:play-services-nearby:10.0.1] AndroidManifest.xml:5:5-19
MERGED from [com.google.android.gms:play-services-panorama:10.0.1] AndroidManifest.xml:18:5-19
MERGED from [com.google.android.gms:play-services-places:10.0.1] AndroidManifest.xml:18:5-19
MERGED from [com.google.android.gms:play-services-plus:10.0.1] AndroidManifest.xml:18:5-19
MERGED from [com.google.android.gms:play-services-safetynet:10.0.1] AndroidManifest.xml:18:5-19
MERGED from [com.google.android.gms:play-services-tagmanager-api:10.0.1] AndroidManifest.xml:23:5-33:19
MERGED from [com.google.firebase:firebase-analytics:10.0.1] AndroidManifest.xml:24:5-33:19
MERGED from [com.google.firebase:firebase-analytics-impl:10.0.1] AndroidManifest.xml:24:5-28:19
MERGED from [com.google.firebase:firebase-iid:10.0.1] AndroidManifest.xml:28:5-50:19
MERGED from [com.google.firebase:firebase-common:10.0.1] AndroidManifest.xml:4:5-7:19
MERGED from [com.google.android.gms:play-services-tagmanager-v4-impl:10.0.1] AndroidManifest.xml:19:5-19
MERGED from [com.google.android.gms:play-services-analytics-impl:10.0.1] AndroidManifest.xml:26:5-19
MERGED from [com.google.android.gms:play-services-vision:10.0.1] AndroidManifest.xml:4:5-19
MERGED from [com.google.android.gms:play-services-identity:10.0.1] AndroidManifest.xml:18:5-19
MERGED from [com.google.android.gms:play-services-maps:10.0.1] AndroidManifest.xml:24:5-19
MERGED from [com.google.android.gms:play-services-wearable:10.0.1] AndroidManifest.xml:18:5-19
MERGED from [com.google.android.gms:play-services-base:10.0.1] AndroidManifest.xml:18:5-20:19
MERGED from [com.google.android.gms:play-services-tasks:10.0.1] AndroidManifest.xml:4:5-19
MERGED from [com.google.android.gms:play-services-basement:10.0.1] AndroidManifest.xml:19:5-21:19
MERGED from [com.jjoe64:graphview:4.2.1] AndroidManifest.xml:11:5-12:19
MERGED from [com.android.support:support-v4:25.3.1] AndroidManifest.xml:29:5-20
MERGED from [com.android.support:support-fragment:25.3.1] AndroidManifest.xml:29:5-20
MERGED from [com.android.support:support-media-compat:25.3.1] AndroidManifest.xml:29:5-20
MERGED from [com.android.support:support-core-utils:25.3.1] AndroidManifest.xml:29:5-20
MERGED from [com.android.support:support-core-ui:25.3.1] AndroidManifest.xml:29:5-20
MERGED from [com.android.support:support-compat:25.3.1] AndroidManifest.xml:29:5-20
	android:label
		ADDED from src\main\AndroidManifest.xml:10:9-41
	android:supportsRtl
		ADDED from src\main\AndroidManifest.xml:12:9-35
	android:roundIcon
		ADDED from src\main\AndroidManifest.xml:11:9-54
	android:allowBackup
		ADDED from src\main\AndroidManifest.xml:8:9-35
	android:icon
		ADDED from src\main\AndroidManifest.xml:9:9-42
	android:theme
		ADDED from src\main\AndroidManifest.xml:13:9-40
activity#com.example.anshul.tpocampus.Student.MainActivity
ADDED from src\main\AndroidManifest.xml:15:9-21:20
	android:name
		ADDED from src\main\AndroidManifest.xml:15:19-55
intent-filter#android.intent.action.MAIN+android.intent.category.DEFAULT
ADDED from src\main\AndroidManifest.xml:16:13-20:29
action#android.intent.action.MAIN
ADDED from src\main\AndroidManifest.xml:17:17-69
	android:name
		ADDED from src\main\AndroidManifest.xml:17:25-66
category#android.intent.category.DEFAULT
ADDED from src\main\AndroidManifest.xml:19:17-76
	android:name
		ADDED from src\main\AndroidManifest.xml:19:27-73
activity#com.example.anshul.tpocampus.Student.LoginActivity
ADDED from src\main\AndroidManifest.xml:22:9-28:20
	android:name
		ADDED from src\main\AndroidManifest.xml:22:19-56
activity#com.example.anshul.tpocampus.Student.SignupActivity
ADDED from src\main\AndroidManifest.xml:29:9-35:20
	android:name
		ADDED from src\main\AndroidManifest.xml:29:19-57
activity#com.example.anshul.tpocampus.Student.ResetPasswordActivity
ADDED from src\main\AndroidManifest.xml:36:9-42:20
	android:name
		ADDED from src\main\AndroidManifest.xml:36:19-64
activity#com.example.anshul.tpocampus.Student.RegActivity
ADDED from src\main\AndroidManifest.xml:43:9-52:20
	android:label
		ADDED from src\main\AndroidManifest.xml:45:13-55
	android:theme
		ADDED from src\main\AndroidManifest.xml:46:13-56
	android:name
		ADDED from src\main\AndroidManifest.xml:44:13-48
activity#com.example.anshul.tpocampus.Student.Navigation
ADDED from src\main\AndroidManifest.xml:53:9-62:20
	android:label
		ADDED from src\main\AndroidManifest.xml:55:13-62
	android:theme
		ADDED from src\main\AndroidManifest.xml:56:13-56
	android:name
		ADDED from src\main\AndroidManifest.xml:54:13-47
activity#com.example.anshul.tpocampus.Student.p_home
ADDED from src\main\AndroidManifest.xml:63:9-52
	android:name
		ADDED from src\main\AndroidManifest.xml:63:19-49
activity#com.example.anshul.tpocampus.Student.p_profile
ADDED from src\main\AndroidManifest.xml:64:9-67:59
	android:label
		ADDED from src\main\AndroidManifest.xml:66:13-61
	android:theme
		ADDED from src\main\AndroidManifest.xml:67:13-56
	android:name
		ADDED from src\main\AndroidManifest.xml:65:13-46
activity#com.example.anshul.tpocampus.Student.Main_login_page
ADDED from src\main\AndroidManifest.xml:68:9-75:20
	android:name
		ADDED from src\main\AndroidManifest.xml:68:19-58
intent-filter#android.intent.action.MAIN+android.intent.category.LAUNCHER
ADDED from src\main\AndroidManifest.xml:70:13-74:29
category#android.intent.category.LAUNCHER
ADDED from src\main\AndroidManifest.xml:73:17-77
	android:name
		ADDED from src\main\AndroidManifest.xml:73:27-74
activity#com.example.anshul.tpocampus.Admin.AdminLoginActivity
ADDED from src\main\AndroidManifest.xml:76:9-84:20
	android:name
		ADDED from src\main\AndroidManifest.xml:76:19-59
activity#com.example.anshul.tpocampus.Admin.AdminProfile
ADDED from src\main\AndroidManifest.xml:85:9-93:20
	android:name
		ADDED from src\main\AndroidManifest.xml:85:19-53
activity#com.example.anshul.tpocampus.Admin.Students
ADDED from src\main\AndroidManifest.xml:94:9-103:20
	android:label
		ADDED from src\main\AndroidManifest.xml:96:13-60
	android:theme
		ADDED from src\main\AndroidManifest.xml:97:13-56
	android:name
		ADDED from src\main\AndroidManifest.xml:95:13-43
activity#com.example.anshul.tpocampus.Student.p_companies
ADDED from src\main\AndroidManifest.xml:104:9-57
	android:name
		ADDED from src\main\AndroidManifest.xml:104:19-54
activity#com.example.anshul.tpocampus.Student.p_internships
ADDED from src\main\AndroidManifest.xml:105:9-59
	android:name
		ADDED from src\main\AndroidManifest.xml:105:19-56
activity#com.example.anshul.tpocampus.Student.p_contacts
ADDED from src\main\AndroidManifest.xml:106:9-56
	android:name
		ADDED from src\main\AndroidManifest.xml:106:19-53
activity#com.example.anshul.tpocampus.Student.new_test
ADDED from src\main\AndroidManifest.xml:107:9-54
	android:name
		ADDED from src\main\AndroidManifest.xml:107:19-51
activity#com.example.anshul.tpocampus.Admin.Companies_admin
ADDED from src\main\AndroidManifest.xml:108:9-117:20
	android:label
		ADDED from src\main\AndroidManifest.xml:110:13-67
	android:theme
		ADDED from src\main\AndroidManifest.xml:111:13-56
	android:name
		ADDED from src\main\AndroidManifest.xml:109:13-50
activity#com.example.anshul.tpocampus.Admin.AddInternCompany
ADDED from src\main\AndroidManifest.xml:118:9-124:20
	android:name
		ADDED from src\main\AndroidManifest.xml:118:19-57
activity#com.example.anshul.tpocampus.Admin.AddFulltimeCompany
ADDED from src\main\AndroidManifest.xml:125:9-62
	android:name
		ADDED from src\main\AndroidManifest.xml:125:19-59
activity#com.example.anshul.tpocampus.Admin.ManageStudent
ADDED from src\main\AndroidManifest.xml:126:9-57
	android:name
		ADDED from src\main\AndroidManifest.xml:126:19-54
activity#com.example.anshul.tpocampus.Student.StudentCompanyRegister
ADDED from src\main\AndroidManifest.xml:127:9-68
	android:name
		ADDED from src\main\AndroidManifest.xml:127:19-65
activity#com.example.anshul.tpocampus.Student.CompanyInformationStudentIntern
ADDED from src\main\AndroidManifest.xml:128:9-77
	android:name
		ADDED from src\main\AndroidManifest.xml:128:19-74
activity#com.example.anshul.tpocampus.Student.CompanyInformationStudentFulltime
ADDED from src\main\AndroidManifest.xml:129:9-79
	android:name
		ADDED from src\main\AndroidManifest.xml:129:19-76
activity#com.example.anshul.tpocampus.Admin.RegisteredStudents
ADDED from src\main\AndroidManifest.xml:130:9-62
	android:name
		ADDED from src\main\AndroidManifest.xml:130:19-59
activity#com.example.anshul.tpocampus.Admin.SelectedStudents
ADDED from src\main\AndroidManifest.xml:131:9-60
	android:name
		ADDED from src\main\AndroidManifest.xml:131:19-57
activity#com.example.anshul.tpocampus.Admin.DeleteCompany
ADDED from src\main\AndroidManifest.xml:132:9-57
	android:name
		ADDED from src\main\AndroidManifest.xml:132:19-54
activity#com.example.anshul.tpocampus.Student.StudentRegisteredCompanies
ADDED from src\main\AndroidManifest.xml:133:9-72
	android:name
		ADDED from src\main\AndroidManifest.xml:133:19-69
activity#com.example.anshul.tpocampus.charts.BarChartActivity
ADDED from src\main\AndroidManifest.xml:134:9-61
	android:name
		ADDED from src\main\AndroidManifest.xml:134:19-58
activity#com.example.anshul.tpocampus.Admin.YearStats
ADDED from src\main\AndroidManifest.xml:135:9-53
	android:name
		ADDED from src\main\AndroidManifest.xml:135:19-50
activity#com.example.anshul.tpocampus.charts.AvgBarChartActivity
ADDED from src\main\AndroidManifest.xml:136:9-64
	android:name
		ADDED from src\main\AndroidManifest.xml:136:19-61
activity#com.example.anshul.tpocampus.InterviewExperience.InterviewExpMain
ADDED from src\main\AndroidManifest.xml:137:9-74
	android:name
		ADDED from src\main\AndroidManifest.xml:137:19-71
activity#com.example.anshul.tpocampus.InterviewExperience.InterviewExpIntern
ADDED from src\main\AndroidManifest.xml:138:9-76
	android:name
		ADDED from src\main\AndroidManifest.xml:138:19-73
activity#com.example.anshul.tpocampus.InterviewExperience.InterviewExpFulltime
ADDED from src\main\AndroidManifest.xml:139:9-78
	android:name
		ADDED from src\main\AndroidManifest.xml:139:19-75
activity#com.example.anshul.tpocampus.InterviewExperience.AddFulltimeInterviewExperience
ADDED from src\main\AndroidManifest.xml:140:9-88
	android:name
		ADDED from src\main\AndroidManifest.xml:140:19-85
activity#com.example.anshul.tpocampus.InterviewExperience.AddInternInterviewExperience
ADDED from src\main\AndroidManifest.xml:141:9-86
	android:name
		ADDED from src\main\AndroidManifest.xml:141:19-83
activity#com.example.anshul.tpocampus.InterviewExperience.DisplayInterviewExp
ADDED from src\main\AndroidManifest.xml:142:9-86
	android:name
		ADDED from src\main\AndroidManifest.xml:142:19-74
uses-sdk
INJECTED from src\main\AndroidManifest.xml reason: use-sdk injection requested
MERGED from [com.android.support:multidex:1.0.1] AndroidManifest.xml:18:5-42
MERGED from [jp.wasabeef:picasso-transformations:2.1.2] AndroidManifest.xml:8:5-10:41
MERGED from [jp.co.cyberagent.android.gpuimage:gpuimage-library:1.4.1] AndroidManifest.xml:8:5-10:41
MERGED from [com.android.support.constraint:constraint-layout:1.0.0-alpha8] AndroidManifest.xml:5:5-7:41
MERGED from [com.google.firebase:firebase-core:10.0.1] AndroidManifest.xml:4:5-42
MERGED from [com.firebaseui:firebase-ui:0.4.3] AndroidManifest.xml:7:5-9:41
MERGED from [com.firebaseui:firebase-ui-database:0.4.3] AndroidManifest.xml:7:5-9:41
MERGED from [com.firebaseui:firebase-ui-auth:0.4.3] AndroidManifest.xml:7:5-9:41
MERGED from [com.facebook.android:facebook-android-sdk:4.11.0] AndroidManifest.xml:24:5-26:41
MERGED from [com.android.support:cardview-v7:23.2.1] AndroidManifest.xml:20:5-43
MERGED from [com.android.support:customtabs:23.2.1] AndroidManifest.xml:20:5-44
MERGED from [com.android.support:design:24.2.1] AndroidManifest.xml:20:5-43
MERGED from [com.google.android.gms:play-services:10.0.1] AndroidManifest.xml:4:5-42
MERGED from [com.google.android.gms:play-services-ads:10.0.1] AndroidManifest.xml:17:5-42
MERGED from [com.google.android.gms:play-services-ads-lite:10.0.1] AndroidManifest.xml:22:5-42
MERGED from [com.google.android.gms:play-services-analytics:10.0.1] AndroidManifest.xml:17:5-42
MERGED from [com.google.android.gms:play-services-appinvite:10.0.1] AndroidManifest.xml:17:5-42
MERGED from [com.google.android.gms:play-services-auth:10.0.1] AndroidManifest.xml:17:5-42
MERGED from [com.google.android.gms:play-services-auth-base:10.0.1] AndroidManifest.xml:4:5-42
MERGED from [com.google.android.gms:play-services-cast-framework:10.0.1] AndroidManifest.xml:3:5-42
MERGED from [com.google.android.gms:play-services-cast:10.0.1] AndroidManifest.xml:17:5-42
MERGED from [com.android.support:mediarouter-v7:24.0.0] AndroidManifest.xml:20:5-43
MERGED from [com.android.support:palette-v7:24.0.0] AndroidManifest.xml:20:5-43
MERGED from [com.android.support:appcompat-v7:25.3.1] AndroidManifest.xml:21:5-23:78
MERGED from [com.android.support:animated-vector-drawable:25.3.1] AndroidManifest.xml:20:5-44
MERGED from [com.android.support:support-vector-drawable:25.3.1] AndroidManifest.xml:20:5-43
MERGED from [com.google.android.gms:play-services-clearcut:10.0.1] AndroidManifest.xml:17:5-42
MERGED from [com.google.firebase:firebase-config:10.0.1] AndroidManifest.xml:17:5-42
MERGED from [com.google.android.gms:play-services-awareness:10.0.1] AndroidManifest.xml:17:5-42
MERGED from [com.google.firebase:firebase-crash:10.0.1] AndroidManifest.xml:20:5-42
MERGED from [com.google.firebase:firebase-auth:10.0.1] AndroidManifest.xml:17:5-42
MERGED from [com.google.firebase:firebase-database:10.0.1] AndroidManifest.xml:3:5-42
MERGED from [com.google.firebase:firebase-database-connection:10.0.1] AndroidManifest.xml:3:5-42
MERGED from [com.google.firebase:firebase-messaging:10.0.1] AndroidManifest.xml:17:5-42
MERGED from [com.google.firebase:firebase-storage:10.0.1] AndroidManifest.xml:3:5-42
MERGED from [com.google.firebase:firebase-storage-common:10.0.1] AndroidManifest.xml:3:5-42
MERGED from [com.google.android.gms:play-services-fitness:10.0.1] AndroidManifest.xml:17:5-42
MERGED from [com.google.android.gms:play-services-games:10.0.1] AndroidManifest.xml:17:5-42
MERGED from [com.google.android.gms:play-services-drive:10.0.1] AndroidManifest.xml:17:5-42
MERGED from [com.google.android.gms:play-services-gass:10.0.1] AndroidManifest.xml:3:5-42
MERGED from [com.google.android.gms:play-services-gcm:10.0.1] AndroidManifest.xml:17:5-42
MERGED from [com.google.firebase:firebase-appindexing:10.0.1] AndroidManifest.xml:17:5-42
MERGED from [com.google.android.gms:play-services-iid:10.0.1] AndroidManifest.xml:17:5-42
MERGED from [com.google.android.gms:play-services-instantapps:10.0.1] AndroidManifest.xml:3:5-42
MERGED from [com.google.android.gms:play-services-location:10.0.1] AndroidManifest.xml:3:5-42
MERGED from [com.google.android.gms:play-services-nearby:10.0.1] AndroidManifest.xml:3:5-42
MERGED from [com.google.android.gms:play-services-panorama:10.0.1] AndroidManifest.xml:17:5-42
MERGED from [com.google.android.gms:play-services-places:10.0.1] AndroidManifest.xml:17:5-42
MERGED from [com.google.android.gms:play-services-plus:10.0.1] AndroidManifest.xml:17:5-42
MERGED from [com.google.android.gms:play-services-safetynet:10.0.1] AndroidManifest.xml:17:5-42
MERGED from [com.google.android.gms:play-services-tagmanager:10.0.1] AndroidManifest.xml:17:5-42
MERGED from [com.google.android.gms:play-services-tagmanager-api:10.0.1] AndroidManifest.xml:17:5-42
MERGED from [com.google.firebase:firebase-analytics:10.0.1] AndroidManifest.xml:17:5-42
MERGED from [com.google.firebase:firebase-analytics-impl:10.0.1] AndroidManifest.xml:17:5-42
MERGED from [com.google.firebase:firebase-iid:10.0.1] AndroidManifest.xml:17:5-42
MERGED from [com.google.firebase:firebase-common:10.0.1] AndroidManifest.xml:3:5-42
MERGED from [com.google.android.gms:play-services-tagmanager-v4-impl:10.0.1] AndroidManifest.xml:17:5-42
MERGED from [com.google.android.gms:play-services-analytics-impl:10.0.1] AndroidManifest.xml:17:5-42
MERGED from [com.google.android.gms:play-services-vision:10.0.1] AndroidManifest.xml:3:5-42
MERGED from [com.google.android.gms:play-services-wallet:10.0.1] AndroidManifest.xml:18:5-42
MERGED from [com.google.android.gms:play-services-identity:10.0.1] AndroidManifest.xml:17:5-42
MERGED from [com.google.android.gms:play-services-maps:10.0.1] AndroidManifest.xml:23:5-42
MERGED from [com.google.android.gms:play-services-wearable:10.0.1] AndroidManifest.xml:17:5-42
MERGED from [com.google.android.gms:play-services-base:10.0.1] AndroidManifest.xml:17:5-42
MERGED from [com.google.android.gms:play-services-tasks:10.0.1] AndroidManifest.xml:3:5-42
MERGED from [com.google.android.gms:play-services-basement:10.0.1] AndroidManifest.xml:17:5-42
MERGED from [com.makeramen:roundedimageview:2.3.0] AndroidManifest.xml:7:5-43
MERGED from [com.jjoe64:graphview:4.2.1] AndroidManifest.xml:7:5-9:41
MERGED from [com.android.support:support-v4:25.3.1] AndroidManifest.xml:21:5-23:54
MERGED from [com.android.support:support-fragment:25.3.1] AndroidManifest.xml:21:5-23:60
MERGED from [com.android.support:support-media-compat:25.3.1] AndroidManifest.xml:21:5-23:63
MERGED from [com.android.support:support-core-utils:25.3.1] AndroidManifest.xml:21:5-23:61
MERGED from [com.mindorks:placeholderview:0.2.7] AndroidManifest.xml:8:5-10:41
MERGED from [com.android.support:recyclerview-v7:24.2.1] AndroidManifest.xml:20:5-43
MERGED from [com.android.support:support-core-ui:25.3.1] AndroidManifest.xml:21:5-23:58
MERGED from [com.android.support:support-compat:25.3.1] AndroidManifest.xml:21:5-23:58
	tools:overrideLibrary
		ADDED from [com.android.support:appcompat-v7:25.3.1] AndroidManifest.xml:23:9-75
	android:targetSdkVersion
		INJECTED from src\main\AndroidManifest.xml
		INJECTED from src\main\AndroidManifest.xml
	android:minSdkVersion
		INJECTED from src\main\AndroidManifest.xml
		INJECTED from src\main\AndroidManifest.xml
activity#com.firebase.ui.auth.ui.email.ConfirmRecoverPasswordActivity
ADDED from [com.firebaseui:firebase-ui-auth:0.4.3] AndroidManifest.xml:12:9-15:20
	android:theme
		ADDED from [com.firebaseui:firebase-ui-auth:0.4.3] AndroidManifest.xml:14:13-53
	android:name
		ADDED from [com.firebaseui:firebase-ui-auth:0.4.3] AndroidManifest.xml:13:13-88
activity#com.firebase.ui.auth.ui.email.EmailHintContainerActivity
ADDED from [com.firebaseui:firebase-ui-auth:0.4.3] AndroidManifest.xml:16:9-19:20
	android:theme
		ADDED from [com.firebaseui:firebase-ui-auth:0.4.3] AndroidManifest.xml:18:13-58
	android:name
		ADDED from [com.firebaseui:firebase-ui-auth:0.4.3] AndroidManifest.xml:17:13-84
activity#com.firebase.ui.auth.ui.email.RecoverPasswordActivity
ADDED from [com.firebaseui:firebase-ui-auth:0.4.3] AndroidManifest.xml:20:9-23:20
	android:theme
		ADDED from [com.firebaseui:firebase-ui-auth:0.4.3] AndroidManifest.xml:22:13-46
	android:name
		ADDED from [com.firebaseui:firebase-ui-auth:0.4.3] AndroidManifest.xml:21:13-81
activity#com.firebase.ui.auth.ui.email.RegisterEmailActivity
ADDED from [com.firebaseui:firebase-ui-auth:0.4.3] AndroidManifest.xml:24:9-27:20
	android:theme
		ADDED from [com.firebaseui:firebase-ui-auth:0.4.3] AndroidManifest.xml:26:13-46
	android:name
		ADDED from [com.firebaseui:firebase-ui-auth:0.4.3] AndroidManifest.xml:25:13-79
activity#com.firebase.ui.auth.ui.email.SignInNoPasswordActivity
ADDED from [com.firebaseui:firebase-ui-auth:0.4.3] AndroidManifest.xml:28:9-31:20
	android:theme
		ADDED from [com.firebaseui:firebase-ui-auth:0.4.3] AndroidManifest.xml:30:13-46
	android:name
		ADDED from [com.firebaseui:firebase-ui-auth:0.4.3] AndroidManifest.xml:29:13-82
activity#com.firebase.ui.auth.ui.email.SignInActivity
ADDED from [com.firebaseui:firebase-ui-auth:0.4.3] AndroidManifest.xml:32:9-35:20
	android:theme
		ADDED from [com.firebaseui:firebase-ui-auth:0.4.3] AndroidManifest.xml:34:13-46
	android:name
		ADDED from [com.firebaseui:firebase-ui-auth:0.4.3] AndroidManifest.xml:33:13-72
activity#com.firebase.ui.auth.ui.account_link.SaveCredentialsActivity
ADDED from [com.firebaseui:firebase-ui-auth:0.4.3] AndroidManifest.xml:36:9-39:20
	android:theme
		ADDED from [com.firebaseui:firebase-ui-auth:0.4.3] AndroidManifest.xml:38:13-58
	android:name
		ADDED from [com.firebaseui:firebase-ui-auth:0.4.3] AndroidManifest.xml:37:13-88
activity#com.firebase.ui.auth.ui.account_link.AccountLinkInitActivity
ADDED from [com.firebaseui:firebase-ui-auth:0.4.3] AndroidManifest.xml:40:9-43:20
	android:theme
		ADDED from [com.firebaseui:firebase-ui-auth:0.4.3] AndroidManifest.xml:42:13-46
	android:name
		ADDED from [com.firebaseui:firebase-ui-auth:0.4.3] AndroidManifest.xml:41:13-88
activity#com.firebase.ui.auth.ui.account_link.WelcomeBackIDPPrompt
ADDED from [com.firebaseui:firebase-ui-auth:0.4.3] AndroidManifest.xml:44:9-47:20
	android:theme
		ADDED from [com.firebaseui:firebase-ui-auth:0.4.3] AndroidManifest.xml:46:13-46
	android:name
		ADDED from [com.firebaseui:firebase-ui-auth:0.4.3] AndroidManifest.xml:45:13-85
activity#com.firebase.ui.auth.ui.account_link.WelcomeBackPasswordPrompt
ADDED from [com.firebaseui:firebase-ui-auth:0.4.3] AndroidManifest.xml:48:9-51:20
	android:theme
		ADDED from [com.firebaseui:firebase-ui-auth:0.4.3] AndroidManifest.xml:50:13-46
	android:name
		ADDED from [com.firebaseui:firebase-ui-auth:0.4.3] AndroidManifest.xml:49:13-90
activity#com.firebase.ui.auth.ui.idp.AuthMethodPickerActivity
ADDED from [com.firebaseui:firebase-ui-auth:0.4.3] AndroidManifest.xml:52:9-55:20
	android:theme
		ADDED from [com.firebaseui:firebase-ui-auth:0.4.3] AndroidManifest.xml:54:13-46
	android:name
		ADDED from [com.firebaseui:firebase-ui-auth:0.4.3] AndroidManifest.xml:53:13-80
activity#com.firebase.ui.auth.ui.idp.IDPSignInContainerActivity
ADDED from [com.firebaseui:firebase-ui-auth:0.4.3] AndroidManifest.xml:56:9-59:20
	android:theme
		ADDED from [com.firebaseui:firebase-ui-auth:0.4.3] AndroidManifest.xml:58:13-58
	android:name
		ADDED from [com.firebaseui:firebase-ui-auth:0.4.3] AndroidManifest.xml:57:13-82
activity#com.firebase.ui.auth.ui.ChooseAccountActivity
ADDED from [com.firebaseui:firebase-ui-auth:0.4.3] AndroidManifest.xml:60:9-63:20
	android:theme
		ADDED from [com.firebaseui:firebase-ui-auth:0.4.3] AndroidManifest.xml:62:13-58
	android:name
		ADDED from [com.firebaseui:firebase-ui-auth:0.4.3] AndroidManifest.xml:61:13-73
activity#com.facebook.FacebookActivity
ADDED from [com.firebaseui:firebase-ui-auth:0.4.3] AndroidManifest.xml:64:9-68:61
	android:label
		ADDED from [com.firebaseui:firebase-ui-auth:0.4.3] AndroidManifest.xml:67:13-45
	android:configChanges
		ADDED from [com.firebaseui:firebase-ui-auth:0.4.3] AndroidManifest.xml:66:13-96
	android:theme
		ADDED from [com.firebaseui:firebase-ui-auth:0.4.3] AndroidManifest.xml:68:13-58
	android:name
		ADDED from [com.firebaseui:firebase-ui-auth:0.4.3] AndroidManifest.xml:65:13-57
uses-permission#android.permission.ACCESS_NETWORK_STATE
ADDED from [com.google.android.gms:play-services-ads-lite:10.0.1] AndroidManifest.xml:20:5-78
MERGED from [com.google.android.gms:play-services-analytics:10.0.1] AndroidManifest.xml:21:5-78
MERGED from [com.google.android.gms:play-services-nearby:10.0.1] AndroidManifest.xml:4:5-78
MERGED from [com.google.android.gms:play-services-tagmanager-api:10.0.1] AndroidManifest.xml:21:5-78
MERGED from [com.google.firebase:firebase-analytics:10.0.1] AndroidManifest.xml:21:5-78
MERGED from [com.google.firebase:firebase-analytics-impl:10.0.1] AndroidManifest.xml:21:5-78
MERGED from [com.google.firebase:firebase-iid:10.0.1] AndroidManifest.xml:19:5-78
MERGED from [com.google.android.gms:play-services-analytics-impl:10.0.1] AndroidManifest.xml:21:5-78
MERGED from [com.google.android.gms:play-services-maps:10.0.1] AndroidManifest.xml:19:5-78
	android:name
		ADDED from [com.google.android.gms:play-services-ads-lite:10.0.1] AndroidManifest.xml:20:22-76
activity#com.google.android.gms.ads.AdActivity
ADDED from [com.google.android.gms:play-services-ads-lite:10.0.1] AndroidManifest.xml:25:9-232
	android:configChanges
		ADDED from [com.google.android.gms:play-services-ads-lite:10.0.1] AndroidManifest.xml:25:72-181
	android:theme
		ADDED from [com.google.android.gms:play-services-ads-lite:10.0.1] AndroidManifest.xml:25:182-230
	android:name
		ADDED from [com.google.android.gms:play-services-ads-lite:10.0.1] AndroidManifest.xml:25:19-71
activity#com.google.android.gms.ads.purchase.InAppPurchaseActivity
ADDED from [com.google.android.gms:play-services-ads-lite:10.0.1] AndroidManifest.xml:26:9-131
	android:theme
		ADDED from [com.google.android.gms:play-services-ads-lite:10.0.1] AndroidManifest.xml:26:92-129
	android:name
		ADDED from [com.google.android.gms:play-services-ads-lite:10.0.1] AndroidManifest.xml:26:19-91
uses-permission#android.permission.WAKE_LOCK
ADDED from [com.google.android.gms:play-services-analytics:10.0.1] AndroidManifest.xml:24:5-67
MERGED from [com.google.firebase:firebase-analytics:10.0.1] AndroidManifest.xml:22:5-67
MERGED from [com.google.firebase:firebase-analytics-impl:10.0.1] AndroidManifest.xml:22:5-67